[2019-04-30 17:39:59] Текст ошибки: syntax error, unexpected '$posts' (T_VARIABLE) | Файл: C:\xampp\htdocs\fw\app\controllers\MainController.php, | Строка: 23
==========================
[2019-04-30 17:42:35] Текст ошибки: syntax error, unexpected '$posts' (T_VARIABLE) | Файл: C:\xampp\htdocs\fw\app\controllers\MainController.php, | Строка: 23
==========================
[2019-04-30 17:50:00] Текст ошибки: syntax error, unexpected '$posts' (T_VARIABLE) | Файл: C:\xampp\htdocs\fw\app\controllers\MainController.php, | Строка: 23
==========================
[2019-04-30 17:50:44] Текст ошибки: syntax error, unexpected '$posts' (T_VARIABLE) | Файл: C:\xampp\htdocs\fw\app\controllers\MainController.php, | Строка: 23
==========================
[2019-04-30 17:50:53] Текст ошибки: syntax error, unexpected '$posts' (T_VARIABLE) | Файл: C:\xampp\htdocs\fw\app\controllers\MainController.php, | Строка: 23
==========================
[2019-04-30 17:53:57] Текст ошибки: syntax error, unexpected '$posts' (T_VARIABLE) | Файл: C:\xampp\htdocs\fw\app\controllers\MainController.php, | Строка: 23
==========================
[2019-04-30 17:55:56] Текст ошибки: syntax error, unexpected '$posts' (T_VARIABLE) | Файл: C:\xampp\htdocs\fw\app\controllers\MainController.php, | Строка: 23
==========================
[2019-04-30 17:57:10] Текст ошибки: syntax error, unexpected '$posts' (T_VARIABLE) | Файл: C:\xampp\htdocs\fw\app\controllers\MainController.php, | Строка: 23
==========================
[2019-04-30 17:58:19] Текст ошибки: syntax error, unexpected '$posts' (T_VARIABLE) | Файл: C:\xampp\htdocs\fw\app\controllers\MainController.php, | Строка: 23
==========================
[2019-04-30 17:58:57] Текст ошибки: syntax error, unexpected '$posts' (T_VARIABLE) | Файл: C:\xampp\htdocs\fw\app\controllers\MainController.php, | Строка: 23
==========================
[2019-04-30 17:59:17] Текст ошибки: syntax error, unexpected '$posts' (T_VARIABLE) | Файл: C:\xampp\htdocs\fw\app\controllers\MainController.php, | Строка: 23
==========================
[2019-04-30 17:59:48] Текст ошибки: syntax error, unexpected '$posts' (T_VARIABLE) | Файл: C:\xampp\htdocs\fw\app\controllers\MainController.php, | Строка: 23
==========================
[2019-04-30 18:00:51] Текст ошибки: syntax error, unexpected '$posts' (T_VARIABLE) | Файл: C:\xampp\htdocs\fw\app\controllers\MainController.php, | Строка: 23
==========================
[2019-04-30 18:01:03] Текст ошибки: syntax error, unexpected '$posts' (T_VARIABLE) | Файл: C:\xampp\htdocs\fw\app\controllers\MainController.php, | Строка: 23
==========================
[2019-04-30 18:01:05] Текст ошибки: syntax error, unexpected '$posts' (T_VARIABLE) | Файл: C:\xampp\htdocs\fw\app\controllers\MainController.php, | Строка: 23
==========================
[2019-04-30 18:01:17] Текст ошибки: syntax error, unexpected '$posts' (T_VARIABLE) | Файл: C:\xampp\htdocs\fw\app\controllers\MainController.php, | Строка: 23
==========================
[2019-04-30 18:01:41] Текст ошибки: syntax error, unexpected '$posts' (T_VARIABLE) | Файл: C:\xampp\htdocs\fw\app\controllers\MainController.php, | Строка: 23
==========================
[2019-04-30 18:02:07] Текст ошибки: syntax error, unexpected '$posts' (T_VARIABLE) | Файл: C:\xampp\htdocs\fw\app\controllers\MainController.php, | Строка: 23
==========================
[2019-04-30 18:02:45] Текст ошибки: syntax error, unexpected '$posts' (T_VARIABLE) | Файл: C:\xampp\htdocs\fw\app\controllers\MainController.php, | Строка: 23
==========================
[2019-04-30 18:03:31] Текст ошибки: syntax error, unexpected '$posts' (T_VARIABLE) | Файл: C:\xampp\htdocs\fw\app\controllers\MainController.php, | Строка: 23
==========================
[2019-04-30 18:04:47] Текст ошибки: syntax error, unexpected '$posts' (T_VARIABLE) | Файл: C:\xampp\htdocs\fw\app\controllers\MainController.php, | Строка: 23
==========================
[2019-04-30 18:05:27] Текст ошибки: syntax error, unexpected '$posts' (T_VARIABLE) | Файл: C:\xampp\htdocs\fw\app\controllers\MainController.php, | Строка: 23
==========================
[2019-04-30 18:05:33] Текст ошибки: syntax error, unexpected '$posts' (T_VARIABLE) | Файл: C:\xampp\htdocs\fw\app\controllers\MainController.php, | Строка: 23
==========================
[2019-04-30 18:05:48] Текст ошибки: syntax error, unexpected '$posts' (T_VARIABLE) | Файл: C:\xampp\htdocs\fw\app\controllers\MainController.php, | Строка: 23
==========================
[2019-04-30 18:05:53] Текст ошибки: syntax error, unexpected '$posts' (T_VARIABLE) | Файл: C:\xampp\htdocs\fw\app\controllers\MainController.php, | Строка: 23
==========================
[2019-04-30 18:06:01] Текст ошибки: syntax error, unexpected '$posts' (T_VARIABLE) | Файл: C:\xampp\htdocs\fw\app\controllers\MainController.php, | Строка: 23
==========================
[2019-04-30 18:06:10] Текст ошибки: syntax error, unexpected '$posts' (T_VARIABLE) | Файл: C:\xampp\htdocs\fw\app\controllers\MainController.php, | Строка: 23
==========================
[2019-04-30 18:06:20] Текст ошибки: syntax error, unexpected '$posts' (T_VARIABLE) | Файл: C:\xampp\htdocs\fw\app\controllers\MainController.php, | Строка: 23
==========================
[2019-04-30 18:06:23] Текст ошибки: syntax error, unexpected '$posts' (T_VARIABLE) | Файл: C:\xampp\htdocs\fw\app\controllers\MainController.php, | Строка: 23
==========================
[2019-04-30 18:08:14] Текст ошибки: syntax error, unexpected '$posts' (T_VARIABLE) | Файл: C:\xampp\htdocs\fw\app\controllers\MainController.php, | Строка: 23
==========================
[2019-04-30 18:08:51] Текст ошибки: syntax error, unexpected '$posts' (T_VARIABLE) | Файл: C:\xampp\htdocs\fw\app\controllers\MainController.php, | Строка: 23
==========================
[2019-04-30 18:10:30] Текст ошибки: syntax error, unexpected '$posts' (T_VARIABLE) | Файл: C:\xampp\htdocs\fw\app\controllers\MainController.php, | Строка: 23
==========================
[2019-04-30 18:10:42] Текст ошибки: syntax error, unexpected '$posts' (T_VARIABLE) | Файл: C:\xampp\htdocs\fw\app\controllers\MainController.php, | Строка: 23
==========================
[2019-04-30 18:11:03] Текст ошибки: syntax error, unexpected '$posts' (T_VARIABLE) | Файл: C:\xampp\htdocs\fw\app\controllers\MainController.php, | Строка: 23
==========================
[2019-04-30 18:11:51] Текст ошибки: syntax error, unexpected '$posts' (T_VARIABLE) | Файл: C:\xampp\htdocs\fw\app\controllers\MainController.php, | Строка: 23
==========================
[2019-04-30 18:12:22] Текст ошибки: syntax error, unexpected '$posts' (T_VARIABLE) | Файл: C:\xampp\htdocs\fw\app\controllers\MainController.php, | Строка: 23
==========================
[2019-04-30 18:12:50] Текст ошибки: syntax error, unexpected '$posts' (T_VARIABLE) | Файл: C:\xampp\htdocs\fw\app\controllers\MainController.php, | Строка: 23
==========================
[2019-04-30 18:13:24] Текст ошибки: syntax error, unexpected '$posts' (T_VARIABLE) | Файл: C:\xampp\htdocs\fw\app\controllers\MainController.php, | Строка: 23
==========================
[2019-04-30 18:13:57] Текст ошибки: syntax error, unexpected '$posts' (T_VARIABLE) | Файл: C:\xampp\htdocs\fw\app\controllers\MainController.php, | Строка: 23
==========================
[2019-04-30 18:14:16] Текст ошибки: syntax error, unexpected '$posts' (T_VARIABLE) | Файл: C:\xampp\htdocs\fw\app\controllers\MainController.php, | Строка: 23
==========================
[2019-04-30 18:15:18] Текст ошибки: syntax error, unexpected '$posts' (T_VARIABLE) | Файл: C:\xampp\htdocs\fw\app\controllers\MainController.php, | Строка: 23
==========================
[2019-04-30 18:18:40] Текст ошибки: syntax error, unexpected '$posts' (T_VARIABLE) | Файл: C:\xampp\htdocs\fw\app\controllers\MainController.php, | Строка: 23
==========================
[2019-04-30 18:41:48] Текст ошибки: Undefined variable: title | Файл: C:\xampp\htdocs\fw\app\views\layouts\default.php, | Строка: 7
==========================
[2019-04-30 19:18:32] Текст ошибки: Undefined variable: title | Файл: C:\xampp\htdocs\fw\app\views\layouts\default.php, | Строка: 7
==========================
[2019-04-30 20:13:04] Текст ошибки: Class 'vendor\widgets\menu\Menu' not found | Файл: C:\xampp\htdocs\fw\app\views\Main\index.php, | Строка: 157
==========================
[2019-04-30 20:13:11] Текст ошибки: Class 'vendor\widgets\menu\Menu' not found | Файл: C:\xampp\htdocs\fw\app\views\Main\index.php, | Строка: 157
==========================
[2019-04-30 20:13:15] Текст ошибки: Class 'vendor\widgets\menu\Menu' not found | Файл: C:\xampp\htdocs\fw\app\views\Main\index.php, | Строка: 157
==========================
[2019-04-30 20:35:36] Текст ошибки: Class 'vendor\widgets\menu\Menu' not found | Файл: C:\xampp\htdocs\fw\app\views\Main\index.php, | Строка: 157
==========================
[2019-04-30 20:35:57] Текст ошибки: Class 'widgets\menu\Menu' not found | Файл: C:\xampp\htdocs\fw\app\views\Main\index.php, | Строка: 157
==========================
[2019-04-30 20:36:18] Текст ошибки: Class 'fw\widgets\menu\Menu' not found | Файл: C:\xampp\htdocs\fw\app\views\Main\index.php, | Строка: 157
==========================
[2019-04-30 20:36:29] Текст ошибки: Class 'fw\widgets\menu\Menu' not found | Файл: C:\xampp\htdocs\fw\app\views\Main\index.php, | Строка: 157
==========================
[2019-04-30 20:36:59] Текст ошибки: Class 'fw\widgets\Menu' not found | Файл: C:\xampp\htdocs\fw\app\views\Main\index.php, | Строка: 157
==========================
[2019-04-30 20:37:57] Текст ошибки: Class 'fw\widgets\Menu' not found | Файл: C:\xampp\htdocs\fw\app\views\Main\index.php, | Строка: 157
==========================
[2019-04-30 20:38:00] Текст ошибки: Class 'fw\widgets\Menu' not found | Файл: C:\xampp\htdocs\fw\app\views\Main\index.php, | Строка: 157
==========================
[2019-04-30 20:38:06] Текст ошибки: Class 'fw\widgets\Menu' not found | Файл: C:\xampp\htdocs\fw\app\views\Main\index.php, | Строка: 157
==========================
[2019-04-30 20:38:10] Текст ошибки: Class 'fw\widgets\Menu' not found | Файл: C:\xampp\htdocs\fw\app\views\Main\index.php, | Строка: 157
==========================
[2019-04-30 20:38:35] Текст ошибки: Class 'fw\widgets\menu\Menu' not found | Файл: C:\xampp\htdocs\fw\app\views\Main\index.php, | Строка: 157
==========================
[2019-04-30 20:38:43] Текст ошибки: Class 'fw\widgets\Menu' not found | Файл: C:\xampp\htdocs\fw\app\views\Main\index.php, | Строка: 157
==========================
[2019-05-01 15:11:17] Текст ошибки: Class 'fw\core\base\Controller' not found | Файл: C:\xampp\htdocs\fw\app\controllers\admin\AppController.php, | Строка: 6
==========================
[2019-05-01 15:12:47] Текст ошибки: Cannot use vendor\core\base\Controller as Controller because the name is already in use | Файл: C:\xampp\htdocs\fw\app\controllers\admin\AppController.php, | Строка: 6
==========================
[2019-05-01 15:12:57] Текст ошибки: Class 'app\models\User' not found | Файл: C:\xampp\htdocs\fw\app\controllers\admin\AppController.php, | Строка: 11
==========================
[2019-05-01 15:15:27] Текст ошибки: Class 'app\models\User' not found | Файл: C:\xampp\htdocs\fw\app\controllers\admin\AppController.php, | Строка: 11
==========================
[2019-05-01 15:18:00] Текст ошибки: Undefined variable: title | Файл: C:\xampp\htdocs\fw\app\views\layouts\default.php, | Строка: 7
==========================
[2019-05-01 15:18:20] Текст ошибки: Class 'app\models\User' not found | Файл: C:\xampp\htdocs\fw\app\controllers\admin\AppController.php, | Строка: 11
==========================
[2019-05-01 15:19:19] Текст ошибки: Class 'fw\core\base\Model' not found | Файл: C:\xampp\htdocs\fw\app\models\User.php, | Строка: 4
==========================
[2019-05-01 15:21:44] Текст ошибки: Class 'fw\vendor\core\base\Model' not found | Файл: C:\xampp\htdocs\fw\app\models\User.php, | Строка: 5
==========================
[2019-05-01 15:22:24] Текст ошибки: Call to undefined function redirect() | Файл: C:\xampp\htdocs\fw\app\controllers\admin\AppController.php, | Строка: 12
==========================
[2019-05-01 15:24:58] Текст ошибки: Call to undefined function redirect() | Файл: C:\xampp\htdocs\fw\app\controllers\admin\AppController.php, | Строка: 12
==========================
[2019-05-01 15:26:15] Текст ошибки: Call to undefined function redirect() | Файл: C:\xampp\htdocs\fw\app\controllers\admin\AppController.php, | Строка: 12
==========================
[2019-05-01 15:26:19] Текст ошибки: Call to undefined function redirect() | Файл: C:\xampp\htdocs\fw\app\controllers\admin\AppController.php, | Строка: 12
==========================
[2019-05-01 15:27:10] Текст ошибки: Call to undefined function redirect() | Файл: C:\xampp\htdocs\fw\app\controllers\admin\AppController.php, | Строка: 12
==========================
[2019-05-01 15:36:03] Текст ошибки: Call to undefined function redirect() | Файл: C:\xampp\htdocs\fw\app\controllers\admin\AppController.php, | Строка: 17
==========================
[2019-05-01 15:43:30] Текст ошибки: Call to undefined function redirect() | Файл: C:\xampp\htdocs\fw\app\controllers\admin\AppController.php, | Строка: 17
==========================
[2019-05-01 15:47:15] Текст ошибки: Call to undefined function redirect() | Файл: C:\xampp\htdocs\fw\app\controllers\admin\AppController.php, | Строка: 17
==========================
[2019-05-01 15:53:16] Текст ошибки: Class 'R' not found | Файл: C:\xampp\htdocs\fw\app\controllers\admin\MainController.php, | Строка: 5
==========================
[2019-05-01 15:53:35] Текст ошибки: Undefined variable: title | Файл: C:\xampp\htdocs\fw\app\views\layouts\admin.php, | Строка: 7
==========================
[2019-05-01 16:31:55] Текст ошибки: Class 'vendor\core\base\Controller' not found | Файл: C:\xampp\htdocs\fw\app\controllers\AppController.php, | Строка: 4
==========================
[2019-05-01 16:40:36] Текст ошибки: Undefined variable: title | Файл: C:\xampp\htdocs\fw\app\views\layouts\default.php, | Строка: 7
==========================
